[07/05/2026 11:54:13] [INFO ] Inicio de sesión de administrador correcto.
[07/05/2026 11:58:46] [INFO ] Módulo admin iniciado.
[07/05/2026 11:58:53] [INFO ] Inicio de sesión de administrador correcto.
[07/05/2026 12:24:48] [INFO ] Módulo admin iniciado.
[07/05/2026 12:24:56] [INFO ] Inicio de sesión de administrador correcto.
[07/05/2026 12:28:33] [INFO ] Módulo admin iniciado.
[07/05/2026 12:29:20] [WARN ] Intento de inicio de sesión fallido.
[07/05/2026 12:29:58] [INFO ] Inicio de sesión de administrador correcto.
[12/05/2026 14:53:13] [INFO ] Módulo admin iniciado.
[12/05/2026 14:53:34] [INFO ] Módulo admin iniciado.
[12/05/2026 14:55:18] [INFO ] Módulo admin iniciado.
[12/05/2026 14:57:28] [INFO ] Módulo admin iniciado.
[12/05/2026 14:59:44] [INFO ] Módulo admin iniciado.
[12/05/2026 14:59:53] [WARN ] Intento de inicio de sesión fallido.
[12/05/2026 15:01:18] [INFO ] Módulo admin iniciado.
[12/05/2026 15:01:24] [WARN ] Intento de inicio de sesión fallido.
[13/05/2026 09:17:33] [INFO ] Módulo admin iniciado.
[13/05/2026 09:17:42] [INFO ] Inicio de sesión de administrador correcto.
[13/05/2026 09:18:19] [INFO ] Módulo admin iniciado.
[13/05/2026 09:43:43] [INFO ] Módulo admin iniciado.
[13/05/2026 09:43:51] [WARN ] Intento de inicio de sesión fallido.
[17/05/2026 18:53:42] [INFO ] Módulo admin iniciado.
[17/05/2026 18:53:52] [WARN ] Intento de inicio de sesión fallido.
[17/05/2026 18:59:28] [INFO ] Módulo admin iniciado.
[17/05/2026 19:06:09] [INFO ] Módulo admin iniciado.
[17/05/2026 19:08:06] [INFO ] Módulo admin iniciado.
[17/05/2026 19:14:01] [INFO ] Módulo admin iniciado.
[17/05/2026 19:15:36] [INFO ] Módulo admin iniciado.
[17/05/2026 19:15:41] [WARN ] Intento de inicio de sesión fallido.
[17/05/2026 19:15:47] [INFO ] Inicio de sesión de administrador correcto.
