[07/05/2026 11:58:46] [INFO ] Sistema iniciado.
[07/05/2026 12:24:48] [INFO ] Sistema iniciado.
[07/05/2026 12:28:33] [INFO ] Sistema iniciado.
[12/05/2026 14:53:13] [INFO ] Sistema iniciado.
[12/05/2026 14:53:34] [INFO ] Sistema iniciado.
[12/05/2026 14:55:18] [INFO ] Sistema iniciado.
[12/05/2026 14:57:28] [INFO ] Sistema iniciado.
[12/05/2026 14:59:44] [INFO ] Sistema iniciado.
[12/05/2026 15:01:18] [INFO ] Sistema iniciado.
[13/05/2026 09:17:33] [INFO ] Sistema iniciado.
[13/05/2026 09:18:19] [INFO ] Sistema iniciado.
[13/05/2026 09:43:43] [INFO ] Sistema iniciado.
[17/05/2026 17:16:15] [INFO ] Cliente conectado
[17/05/2026 17:16:26] [INFO ] Cliente desconectado
[17/05/2026 17:24:46] [INFO ] Cliente conectado
[17/05/2026 17:27:02] [INFO ] Login correcto
[17/05/2026 17:31:07] [INFO ] Cliente desconectado
[17/05/2026 17:31:07] [INFO ] Cliente conectado
[17/05/2026 17:31:27] [WARN ] Login fallido: contrasena incorrecta
[17/05/2026 17:34:16] [INFO ] Nuevo usuario registrado
[17/05/2026 17:34:38] [INFO ] Login correcto
[17/05/2026 17:35:36] [INFO ] Cliente desconectado
[17/05/2026 17:35:36] [INFO ] Cliente conectado
[17/05/2026 17:35:40] [INFO ] Cliente desconectado
[17/05/2026 17:36:08] [INFO ] Cliente conectado
[17/05/2026 17:36:23] [INFO ] Login correcto
[17/05/2026 17:38:23] [INFO ] Reserva realizada
[17/05/2026 17:39:20] [INFO ] Cliente desconectado
[17/05/2026 17:39:20] [INFO ] Cliente conectado
[17/05/2026 17:39:23] [INFO ] Cliente desconectado
[17/05/2026 17:48:07] [INFO ] Cliente conectado
[17/05/2026 17:48:34] [INFO ] Login correcto
[17/05/2026 17:49:42] [INFO ] Cliente desconectado
[17/05/2026 17:54:28] [INFO ] Cliente conectado
[17/05/2026 17:54:39] [INFO ] Login correcto
[17/05/2026 17:54:53] [INFO ] Reserva realizada
[17/05/2026 18:03:13] [INFO ] Cliente desconectado
[17/05/2026 18:04:55] [INFO ] Cliente conectado
[17/05/2026 18:05:09] [INFO ] Login correcto
[17/05/2026 18:05:21] [INFO ] Reserva cancelada
[17/05/2026 18:10:31] [INFO ] Incidencia registrada
[17/05/2026 18:14:07] [INFO ] Cliente desconectado
[17/05/2026 18:14:07] [INFO ] Cliente conectado
[17/05/2026 18:14:30] [INFO ] Cliente desconectado
[17/05/2026 18:53:42] [INFO ] Sistema iniciado.
[17/05/2026 18:54:10] [INFO ] Cliente conectado
[17/05/2026 18:54:26] [INFO ] Cliente desconectado
[17/05/2026 18:59:28] [INFO ] Sistema iniciado.
[17/05/2026 19:06:09] [INFO ] Sistema iniciado.
[17/05/2026 19:08:06] [INFO ] Sistema iniciado.
[17/05/2026 19:14:01] [INFO ] Sistema iniciado.
[17/05/2026 19:15:36] [INFO ] Sistema iniciado.
[17/05/2026 19:44:11] [INFO ] Sistema iniciado.
[17/05/2026 19:45:53] [INFO ] Sistema iniciado.
[17/05/2026 19:46:36] [INFO ] Sistema iniciado.
[17/05/2026 19:47:55] [INFO ] Sistema iniciado.
[17/05/2026 19:57:16] [INFO ] Sistema iniciado.
[17/05/2026 19:58:45] [INFO ] Sistema iniciado.
[17/05/2026 20:14:05] [INFO ] Sistema iniciado.
